[ 2016-12-24T17:35:18+08:00 ] 192.168.4.195 /Home/Publish/articleAdd.html
INFO: [ app_init ] --START--
INFO: Run Behavior\BuildLiteBehavior [ RunTime:0.000009s ]
INFO: [ app_init ] --END-- [ RunTime:0.000304s ]
INFO: [ app_begin ] --START--
INFO: Run Behavior\ReadHtmlCacheBehavior [ RunTime:0.000596s ]
INFO: [ app_begin ] --END-- [ RunTime:0.000652s ]
SQL: SHOW COLUMNS FROM `user` [ RunTime:0.0084s ]
SQL: SELECT * FROM `user` WHERE ( username='赖建明' ) LIMIT 1   [ RunTime:0.0004s ]
SQL: SHOW COLUMNS FROM `zan` [ RunTime:0.0087s ]
SQL: SELECT COUNT(*) AS tp_count FROM `zan` WHERE ( buid=6 ) LIMIT 1   [ RunTime:0.0004s ]
SQL: SHOW COLUMNS FROM `article` [ RunTime:0.0078s ]
SQL: SELECT COUNT(*) AS tp_count FROM `article` WHERE ( uid=6 ) LIMIT 1   [ RunTime:0.0003s ]
SQL: SHOW COLUMNS FROM `guser` [ RunTime:0.0087s ]
SQL: SELECT * FROM `guser` WHERE ( uid='6' ) LIMIT 1   [ RunTime:0.0003s ]
INFO: [ view_parse ] --START--
INFO: [ template_filter ] --START--
INFO: Run Behavior\ContentReplaceBehavior [ RunTime:0.000055s ]
INFO: [ template_filter ] --END-- [ RunTime:0.000094s ]
INFO: Run Behavior\ParseTemplateBehavior [ RunTime:0.007604s ]
INFO: [ view_parse ] --END-- [ RunTime:0.007656s ]
INFO: [ view_filter ] --START--
INFO: Run Behavior\WriteHtmlCacheBehavior [ RunTime:0.000575s ]
INFO: [ view_filter ] --END-- [ RunTime:0.000613s ]
INFO: [ app_end ] --START--
INFO: Run Behavior\ShowPageTraceBehavior [ RunTime:0.000845s ]
INFO: [ app_end ] --END-- [ RunTime:0.000893s ]

[ 2016-12-24T17:35:18+08:00 ] 192.168.4.195 /Home/Publish/js/petshow.js
INFO: [ app_init ] --START--
INFO: Run Behavior\BuildLiteBehavior [ RunTime:0.000009s ]
INFO: [ app_init ] --END-- [ RunTime:0.000308s ]
INFO: [ app_begin ] --START--
INFO: Run Behavior\ReadHtmlCacheBehavior [ RunTime:0.000486s ]
INFO: [ app_begin ] --END-- [ RunTime:0.000525s ]
ERR: 非法操作:js

[ 2016-12-24T17:35:19+08:00 ] 192.168.4.195 /Home/Publish/js/petshow.js
INFO: [ app_init ] --START--
INFO: Run Behavior\BuildLiteBehavior [ RunTime:0.000016s ]
INFO: [ app_init ] --END-- [ RunTime:0.000395s ]
INFO: [ app_begin ] --START--
INFO: Run Behavior\ReadHtmlCacheBehavior [ RunTime:0.000491s ]
INFO: [ app_begin ] --END-- [ RunTime:0.000545s ]
ERR: 非法操作:js

[ 2016-12-24T17:35:22+08:00 ] 192.168.4.195 /
INFO: [ app_init ] --START--
INFO: Run Behavior\BuildLiteBehavior [ RunTime:0.000009s ]
INFO: [ app_init ] --END-- [ RunTime:0.000257s ]
INFO: [ app_begin ] --START--
INFO: Run Behavior\ReadHtmlCacheBehavior [ RunTime:0.000351s ]
INFO: [ app_begin ] --END-- [ RunTime:0.000412s ]
SQL: SHOW COLUMNS FROM `guser` [ RunTime:0.0096s ]
SQL: SELECT user.lastime,user.icon,user.username,guser.* FROM `guser` INNER JOIN user on user.id=guser.uid   [ RunTime:0.0006s ]
SQL: SHOW COLUMNS FROM `zan` [ RunTime:0.0187s ]
SQL: SELECT COUNT(*) AS tp_count FROM `zan` WHERE ( buid=1 ) LIMIT 1   [ RunTime:0.0004s ]
SQL: SHOW COLUMNS FROM `article` [ RunTime:0.0096s ]
SQL: SELECT COUNT(*) AS tp_count FROM `article` WHERE ( uid=1 ) LIMIT 1   [ RunTime:0.0006s ]
SQL: SELECT `id`,`title`,`content`,`pubtime`,`uid` FROM `article` WHERE ( uid=1 ) ORDER BY pubtime desc  [ RunTime:0.0005s ]
SQL: SELECT COUNT(*) AS tp_count FROM `zan` WHERE ( buid=2 ) LIMIT 1   [ RunTime:0.0004s ]
SQL: SELECT COUNT(*) AS tp_count FROM `article` WHERE ( uid=2 ) LIMIT 1   [ RunTime:0.0004s ]
SQL: SELECT `id`,`title`,`content`,`pubtime`,`uid` FROM `article` WHERE ( uid=2 ) ORDER BY pubtime desc  [ RunTime:0.0004s ]
SQL: SELECT COUNT(*) AS tp_count FROM `zan` WHERE ( buid=5 ) LIMIT 1   [ RunTime:0.0004s ]
SQL: SELECT COUNT(*) AS tp_count FROM `article` WHERE ( uid=5 ) LIMIT 1   [ RunTime:0.0002s ]
SQL: SELECT `id`,`title`,`content`,`pubtime`,`uid` FROM `article` WHERE ( uid=5 ) ORDER BY pubtime desc  [ RunTime:0.0005s ]
SQL: SELECT COUNT(*) AS tp_count FROM `zan` WHERE ( buid=4 ) LIMIT 1   [ RunTime:0.0010s ]
SQL: SELECT COUNT(*) AS tp_count FROM `article` WHERE ( uid=4 ) LIMIT 1   [ RunTime:0.0010s ]
SQL: SELECT `id`,`title`,`content`,`pubtime`,`uid` FROM `article` WHERE ( uid=4 ) ORDER BY pubtime desc  [ RunTime:0.0004s ]
SQL: SELECT COUNT(*) AS tp_count FROM `zan` WHERE ( buid=6 ) LIMIT 1   [ RunTime:0.0002s ]
SQL: SELECT COUNT(*) AS tp_count FROM `article` WHERE ( uid=6 ) LIMIT 1   [ RunTime:0.0002s ]
SQL: SELECT `id`,`title`,`content`,`pubtime`,`uid` FROM `article` WHERE ( uid=6 ) ORDER BY pubtime desc  [ RunTime:0.0011s ]
INFO: [ view_parse ] --START--
INFO: [ template_filter ] --START--
INFO: Run Behavior\ContentReplaceBehavior [ RunTime:0.000069s ]
INFO: [ template_filter ] --END-- [ RunTime:0.000121s ]
INFO: Run Behavior\ParseTemplateBehavior [ RunTime:0.011339s ]
INFO: [ view_parse ] --END-- [ RunTime:0.011428s ]
INFO: [ view_filter ] --START--
INFO: Run Behavior\WriteHtmlCacheBehavior [ RunTime:0.000482s ]
INFO: [ view_filter ] --END-- [ RunTime:0.000576s ]
INFO: [ app_end ] --START--
INFO: Run Behavior\ShowPageTraceBehavior [ RunTime:0.000693s ]
INFO: [ app_end ] --END-- [ RunTime:0.000753s ]

[ 2016-12-24T17:35:49+08:00 ] 127.0.0.1 /
INFO: [ app_init ] --START--
INFO: Run Behavior\BuildLiteBehavior [ RunTime:0.000025s ]
INFO: [ app_init ] --END-- [ RunTime:0.000370s ]
INFO: [ app_begin ] --START--
INFO: Run Behavior\ReadHtmlCacheBehavior [ RunTime:0.000564s ]
INFO: [ app_begin ] --END-- [ RunTime:0.000622s ]
SQL: SHOW COLUMNS FROM `guser` [ RunTime:0.1429s ]
SQL: SELECT user.lastime,user.icon,user.username,guser.* FROM `guser` INNER JOIN user on user.id=guser.uid   [ RunTime:0.0004s ]
SQL: SHOW COLUMNS FROM `zan` [ RunTime:0.0067s ]
SQL: SELECT COUNT(*) AS tp_count FROM `zan` WHERE ( buid=1 ) LIMIT 1   [ RunTime:0.0004s ]
SQL: SHOW COLUMNS FROM `article` [ RunTime:0.0069s ]
SQL: SELECT COUNT(*) AS tp_count FROM `article` WHERE ( uid=1 ) LIMIT 1   [ RunTime:0.0006s ]
SQL: SELECT `id`,`title`,`content`,`pubtime`,`uid` FROM `article` WHERE ( uid=1 ) ORDER BY pubtime desc  [ RunTime:0.0008s ]
SQL: SELECT COUNT(*) AS tp_count FROM `zan` WHERE ( buid=2 ) LIMIT 1   [ RunTime:0.0004s ]
SQL: SELECT COUNT(*) AS tp_count FROM `article` WHERE ( uid=2 ) LIMIT 1   [ RunTime:0.0004s ]
SQL: SELECT `id`,`title`,`content`,`pubtime`,`uid` FROM `article` WHERE ( uid=2 ) ORDER BY pubtime desc  [ RunTime:0.0004s ]
SQL: SELECT COUNT(*) AS tp_count FROM `zan` WHERE ( buid=5 ) LIMIT 1   [ RunTime:0.0003s ]
SQL: SELECT COUNT(*) AS tp_count FROM `article` WHERE ( uid=5 ) LIMIT 1   [ RunTime:0.0002s ]
SQL: SELECT `id`,`title`,`content`,`pubtime`,`uid` FROM `article` WHERE ( uid=5 ) ORDER BY pubtime desc  [ RunTime:0.0005s ]
SQL: SELECT COUNT(*) AS tp_count FROM `zan` WHERE ( buid=4 ) LIMIT 1   [ RunTime:0.0002s ]
SQL: SELECT COUNT(*) AS tp_count FROM `article` WHERE ( uid=4 ) LIMIT 1   [ RunTime:0.0002s ]
SQL: SELECT `id`,`title`,`content`,`pubtime`,`uid` FROM `article` WHERE ( uid=4 ) ORDER BY pubtime desc  [ RunTime:0.0002s ]
SQL: SELECT COUNT(*) AS tp_count FROM `zan` WHERE ( buid=6 ) LIMIT 1   [ RunTime:0.0002s ]
SQL: SELECT COUNT(*) AS tp_count FROM `article` WHERE ( uid=6 ) LIMIT 1   [ RunTime:0.0002s ]
SQL: SELECT `id`,`title`,`content`,`pubtime`,`uid` FROM `article` WHERE ( uid=6 ) ORDER BY pubtime desc  [ RunTime:0.0010s ]
INFO: [ view_parse ] --START--
INFO: [ template_filter ] --START--
INFO: Run Behavior\ContentReplaceBehavior [ RunTime:0.000105s ]
INFO: [ template_filter ] --END-- [ RunTime:0.000143s ]
NOTIC: [8] Undefined index: username F:\Bool\Tools\xampp\htdocs\src\git\nongmu\Runtime\Cache\Home\2f412aae274b751dca883838bf7e7502.php 第 64 行.
INFO: Run Behavior\ParseTemplateBehavior [ RunTime:0.006955s ]
INFO: [ view_parse ] --END-- [ RunTime:0.006990s ]
INFO: [ view_filter ] --START--
INFO: Run Behavior\WriteHtmlCacheBehavior [ RunTime:0.000313s ]
INFO: [ view_filter ] --END-- [ RunTime:0.000340s ]
INFO: [ app_end ] --START--
INFO: Run Behavior\ShowPageTraceBehavior [ RunTime:0.000549s ]
INFO: [ app_end ] --END-- [ RunTime:0.000583s ]

[ 2016-12-24T17:35:49+08:00 ] 192.168.4.195 /Home/User/logout.html
INFO: [ app_init ] --START--
INFO: Run Behavior\BuildLiteBehavior [ RunTime:0.000010s ]
INFO: [ app_init ] --END-- [ RunTime:0.000343s ]
INFO: [ app_begin ] --START--
INFO: Run Behavior\ReadHtmlCacheBehavior [ RunTime:0.000655s ]
INFO: [ app_begin ] --END-- [ RunTime:0.000703s ]

[ 2016-12-24T17:35:49+08:00 ] 192.168.4.195 /Home/User/login.html
INFO: [ app_init ] --START--
INFO: Run Behavior\BuildLiteBehavior [ RunTime:0.000032s ]
INFO: [ app_init ] --END-- [ RunTime:0.000374s ]
INFO: [ app_begin ] --START--
INFO: Run Behavior\ReadHtmlCacheBehavior [ RunTime:0.000619s ]
INFO: [ app_begin ] --END-- [ RunTime:0.000661s ]
INFO: [ view_parse ] --START--
INFO: [ template_filter ] --START--
INFO: Run Behavior\ContentReplaceBehavior [ RunTime:0.000066s ]
INFO: [ template_filter ] --END-- [ RunTime:0.000106s ]
INFO: Run Behavior\ParseTemplateBehavior [ RunTime:0.007156s ]
INFO: [ view_parse ] --END-- [ RunTime:0.007204s ]
INFO: [ view_filter ] --START--
INFO: Run Behavior\WriteHtmlCacheBehavior [ RunTime:0.000577s ]
INFO: [ view_filter ] --END-- [ RunTime:0.000614s ]
INFO: [ app_end ] --START--
INFO: Run Behavior\ShowPageTraceBehavior [ RunTime:0.001009s ]
INFO: [ app_end ] --END-- [ RunTime:0.001077s ]

[ 2016-12-24T17:35:49+08:00 ] 192.168.4.195 /Home/User/verify.html
INFO: [ app_init ] --START--
INFO: Run Behavior\BuildLiteBehavior [ RunTime:0.000011s ]
INFO: [ app_init ] --END-- [ RunTime:0.000336s ]
INFO: [ app_begin ] --START--
INFO: Run Behavior\ReadHtmlCacheBehavior [ RunTime:0.000889s ]
INFO: [ app_begin ] --END-- [ RunTime:0.000980s ]
INFO: [ app_end ] --START--
INFO: Run Behavior\ShowPageTraceBehavior [ RunTime:0.001069s ]
INFO: [ app_end ] --END-- [ RunTime:0.001147s ]

[ 2016-12-24T17:35:50+08:00 ] 127.0.0.1 /
INFO: [ app_init ] --START--
INFO: Run Behavior\BuildLiteBehavior [ RunTime:0.000016s ]
INFO: [ app_init ] --END-- [ RunTime:0.000382s ]
INFO: [ app_begin ] --START--
INFO: Run Behavior\ReadHtmlCacheBehavior [ RunTime:0.000818s ]
INFO: [ app_begin ] --END-- [ RunTime:0.000953s ]
SQL: SHOW COLUMNS FROM `guser` [ RunTime:0.0070s ]
SQL: SELECT user.lastime,user.icon,user.username,guser.* FROM `guser` INNER JOIN user on user.id=guser.uid   [ RunTime:0.0012s ]
SQL: SHOW COLUMNS FROM `zan` [ RunTime:0.0081s ]
SQL: SELECT COUNT(*) AS tp_count FROM `zan` WHERE ( buid=1 ) LIMIT 1   [ RunTime:0.0003s ]
SQL: SHOW COLUMNS FROM `article` [ RunTime:0.0065s ]
SQL: SELECT COUNT(*) AS tp_count FROM `article` WHERE ( uid=1 ) LIMIT 1   [ RunTime:0.0004s ]
SQL: SELECT `id`,`title`,`content`,`pubtime`,`uid` FROM `article` WHERE ( uid=1 ) ORDER BY pubtime desc  [ RunTime:0.0004s ]
SQL: SELECT COUNT(*) AS tp_count FROM `zan` WHERE ( buid=2 ) LIMIT 1   [ RunTime:0.0002s ]
SQL: SELECT COUNT(*) AS tp_count FROM `article` WHERE ( uid=2 ) LIMIT 1   [ RunTime:0.0002s ]
SQL: SELECT `id`,`title`,`content`,`pubtime`,`uid` FROM `article` WHERE ( uid=2 ) ORDER BY pubtime desc  [ RunTime:0.0002s ]
SQL: SELECT COUNT(*) AS tp_count FROM `zan` WHERE ( buid=5 ) LIMIT 1   [ RunTime:0.0002s ]
SQL: SELECT COUNT(*) AS tp_count FROM `article` WHERE ( uid=5 ) LIMIT 1   [ RunTime:0.0002s ]
SQL: SELECT `id`,`title`,`content`,`pubtime`,`uid` FROM `article` WHERE ( uid=5 ) ORDER BY pubtime desc  [ RunTime:0.0004s ]
SQL: SELECT COUNT(*) AS tp_count FROM `zan` WHERE ( buid=4 ) LIMIT 1   [ RunTime:0.0005s ]
SQL: SELECT COUNT(*) AS tp_count FROM `article` WHERE ( uid=4 ) LIMIT 1   [ RunTime:0.0002s ]
SQL: SELECT `id`,`title`,`content`,`pubtime`,`uid` FROM `article` WHERE ( uid=4 ) ORDER BY pubtime desc  [ RunTime:0.0002s ]
SQL: SELECT COUNT(*) AS tp_count FROM `zan` WHERE ( buid=6 ) LIMIT 1   [ RunTime:0.0004s ]
SQL: SELECT COUNT(*) AS tp_count FROM `article` WHERE ( uid=6 ) LIMIT 1   [ RunTime:0.0002s ]
SQL: SELECT `id`,`title`,`content`,`pubtime`,`uid` FROM `article` WHERE ( uid=6 ) ORDER BY pubtime desc  [ RunTime:0.0009s ]
INFO: [ view_parse ] --START--
INFO: [ template_filter ] --START--
INFO: Run Behavior\ContentReplaceBehavior [ RunTime:0.000059s ]
INFO: [ template_filter ] --END-- [ RunTime:0.000115s ]
NOTIC: [8] Undefined index: username F:\Bool\Tools\xampp\htdocs\src\git\nongmu\Runtime\Cache\Home\2f412aae274b751dca883838bf7e7502.php 第 64 行.
INFO: Run Behavior\ParseTemplateBehavior [ RunTime:0.011136s ]
INFO: [ view_parse ] --END-- [ RunTime:0.011171s ]
INFO: [ view_filter ] --START--
INFO: Run Behavior\WriteHtmlCacheBehavior [ RunTime:0.000362s ]
INFO: [ view_filter ] --END-- [ RunTime:0.000390s ]
INFO: [ app_end ] --START--
INFO: Run Behavior\ShowPageTraceBehavior [ RunTime:0.000665s ]
INFO: [ app_end ] --END-- [ RunTime:0.000735s ]

[ 2016-12-24T17:36:01+08:00 ] 192.168.4.195 /Home/User/login.html
INFO: [ app_init ] --START--
INFO: Run Behavior\BuildLiteBehavior [ RunTime:0.000018s ]
INFO: [ app_init ] --END-- [ RunTime:0.000520s ]
INFO: [ app_begin ] --START--
INFO: Run Behavior\ReadHtmlCacheBehavior [ RunTime:0.000691s ]
INFO: [ app_begin ] --END-- [ RunTime:0.000769s ]
INFO: [ view_parse ] --START--
INFO: [ template_filter ] --START--
INFO: Run Behavior\ContentReplaceBehavior [ RunTime:0.000120s ]
INFO: [ template_filter ] --END-- [ RunTime:0.000199s ]
INFO: Run Behavior\ParseTemplateBehavior [ RunTime:0.011007s ]
INFO: [ view_parse ] --END-- [ RunTime:0.011086s ]
INFO: [ view_filter ] --START--
INFO: Run Behavior\WriteHtmlCacheBehavior [ RunTime:0.000736s ]
INFO: [ view_filter ] --END-- [ RunTime:0.000808s ]
INFO: [ app_end ] --START--
INFO: Run Behavior\ShowPageTraceBehavior [ RunTime:0.001014s ]
INFO: [ app_end ] --END-- [ RunTime:0.001080s ]

[ 2016-12-24T17:36:01+08:00 ] 192.168.4.195 /Home/User/verify.html
INFO: [ app_init ] --START--
INFO: Run Behavior\BuildLiteBehavior [ RunTime:0.000008s ]
INFO: [ app_init ] --END-- [ RunTime:0.000253s ]
INFO: [ app_begin ] --START--
INFO: Run Behavior\ReadHtmlCacheBehavior [ RunTime:0.000343s ]
INFO: [ app_begin ] --END-- [ RunTime:0.000379s ]
INFO: [ app_end ] --START--
INFO: Run Behavior\ShowPageTraceBehavior [ RunTime:0.000545s ]
INFO: [ app_end ] --END-- [ RunTime:0.000589s ]

[ 2016-12-24T17:36:05+08:00 ] 192.168.4.195 /
INFO: [ app_init ] --START--
INFO: Run Behavior\BuildLiteBehavior [ RunTime:0.000015s ]
INFO: [ app_init ] --END-- [ RunTime:0.000345s ]
INFO: [ app_begin ] --START--
INFO: Run Behavior\ReadHtmlCacheBehavior [ RunTime:0.000564s ]
INFO: [ app_begin ] --END-- [ RunTime:0.000601s ]
SQL: SHOW COLUMNS FROM `guser` [ RunTime:0.0084s ]
SQL: SELECT user.lastime,user.icon,user.username,guser.* FROM `guser` INNER JOIN user on user.id=guser.uid   [ RunTime:0.0004s ]
SQL: SHOW COLUMNS FROM `zan` [ RunTime:0.0081s ]
SQL: SELECT COUNT(*) AS tp_count FROM `zan` WHERE ( buid=1 ) LIMIT 1   [ RunTime:0.0003s ]
SQL: SHOW COLUMNS FROM `article` [ RunTime:0.0068s ]
SQL: SELECT COUNT(*) AS tp_count FROM `article` WHERE ( uid=1 ) LIMIT 1   [ RunTime:0.0003s ]
SQL: SELECT `id`,`title`,`content`,`pubtime`,`uid` FROM `article` WHERE ( uid=1 ) ORDER BY pubtime desc  [ RunTime:0.0003s ]
SQL: SELECT COUNT(*) AS tp_count FROM `zan` WHERE ( buid=2 ) LIMIT 1   [ RunTime:0.0002s ]
SQL: SELECT COUNT(*) AS tp_count FROM `article` WHERE ( uid=2 ) LIMIT 1   [ RunTime:0.0002s ]
SQL: SELECT `id`,`title`,`content`,`pubtime`,`uid` FROM `article` WHERE ( uid=2 ) ORDER BY pubtime desc  [ RunTime:0.0002s ]
SQL: SELECT COUNT(*) AS tp_count FROM `zan` WHERE ( buid=5 ) LIMIT 1   [ RunTime:0.0001s ]
SQL: SELECT COUNT(*) AS tp_count FROM `article` WHERE ( uid=5 ) LIMIT 1   [ RunTime:0.0002s ]
SQL: SELECT `id`,`title`,`content`,`pubtime`,`uid` FROM `article` WHERE ( uid=5 ) ORDER BY pubtime desc  [ RunTime:0.0006s ]
SQL: SELECT COUNT(*) AS tp_count FROM `zan` WHERE ( buid=4 ) LIMIT 1   [ RunTime:0.0005s ]
SQL: SELECT COUNT(*) AS tp_count FROM `article` WHERE ( uid=4 ) LIMIT 1   [ RunTime:0.0002s ]
SQL: SELECT `id`,`title`,`content`,`pubtime`,`uid` FROM `article` WHERE ( uid=4 ) ORDER BY pubtime desc  [ RunTime:0.0003s ]
SQL: SELECT COUNT(*) AS tp_count FROM `zan` WHERE ( buid=6 ) LIMIT 1   [ RunTime:0.0003s ]
SQL: SELECT COUNT(*) AS tp_count FROM `article` WHERE ( uid=6 ) LIMIT 1   [ RunTime:0.0002s ]
SQL: SELECT `id`,`title`,`content`,`pubtime`,`uid` FROM `article` WHERE ( uid=6 ) ORDER BY pubtime desc  [ RunTime:0.0008s ]
INFO: [ view_parse ] --START--
INFO: [ template_filter ] --START--
INFO: Run Behavior\ContentReplaceBehavior [ RunTime:0.000177s ]
INFO: [ template_filter ] --END-- [ RunTime:0.000221s ]
NOTIC: [8] Undefined index: username F:\Bool\Tools\xampp\htdocs\src\git\nongmu\Runtime\Cache\Home\2f412aae274b751dca883838bf7e7502.php 第 64 行.
INFO: Run Behavior\ParseTemplateBehavior [ RunTime:0.009885s ]
INFO: [ view_parse ] --END-- [ RunTime:0.009930s ]
INFO: [ view_filter ] --START--
INFO: Run Behavior\WriteHtmlCacheBehavior [ RunTime:0.000344s ]
INFO: [ view_filter ] --END-- [ RunTime:0.000373s ]
INFO: [ app_end ] --START--
INFO: Run Behavior\ShowPageTraceBehavior [ RunTime:0.000537s ]
INFO: [ app_end ] --END-- [ RunTime:0.000571s ]

[ 2016-12-24T17:36:08+08:00 ] 127.0.0.1 /Home/Guser/index/uid/4.html
INFO: [ app_init ] --START--
INFO: Run Behavior\BuildLiteBehavior [ RunTime:0.000032s ]
INFO: [ app_init ] --END-- [ RunTime:0.000324s ]
INFO: [ app_begin ] --START--
INFO: Run Behavior\ReadHtmlCacheBehavior [ RunTime:0.001132s ]
INFO: [ app_begin ] --END-- [ RunTime:0.001200s ]
SQL: SHOW COLUMNS FROM `user` [ RunTime:0.0067s ]
SQL: SELECT * FROM `user` INNER JOIN guser on guser.uid=user.id  WHERE user.id = '4' AND `role` = 1 LIMIT 1   [ RunTime:0.0005s ]
SQL: SHOW COLUMNS FROM `zan` [ RunTime:0.0073s ]
SQL: SELECT COUNT(*) AS tp_count FROM `zan` WHERE ( buid=4 ) LIMIT 1   [ RunTime:0.0003s ]
SQL: SHOW COLUMNS FROM `article` [ RunTime:0.0054s ]
SQL: SELECT COUNT(*) AS tp_count FROM `article` WHERE ( uid=4 ) LIMIT 1   [ RunTime:0.0003s ]
SQL: SELECT `id`,`title`,`content`,`pubtime`,`uid` FROM `article` WHERE ( uid=4 ) ORDER BY pubtime desc LIMIT 0,6   [ RunTime:0.0003s ]
SQL: SELECT `id`,`title`,`content`,`pubtime`,`uid` FROM `article` WHERE ( uid=4 ) ORDER BY pubtime desc  [ RunTime:0.0002s ]
SQL: SHOW COLUMNS FROM `pic` [ RunTime:0.0084s ]
SQL: SELECT * FROM `pic` WHERE ( uid=4 ) LIMIT 12   [ RunTime:0.0004s ]
SQL: SELECT COUNT(*) AS tp_count FROM `pic` WHERE ( uid=4 ) LIMIT 1   [ RunTime:0.0002s ]
INFO: [ view_parse ] --START--
INFO: [ template_filter ] --START--
INFO: Run Behavior\ContentReplaceBehavior [ RunTime:0.000187s ]
INFO: [ template_filter ] --END-- [ RunTime:0.000325s ]
NOTIC: [8] Undefined index: username F:\Bool\Tools\xampp\htdocs\src\git\nongmu\Runtime\Cache\Home\215dc33e9730bbff130cefc52a5edf6a.php 第 69 行.
NOTIC: [8] Undefined index: user F:\Bool\Tools\xampp\htdocs\src\git\nongmu\Runtime\Cache\Home\215dc33e9730bbff130cefc52a5edf6a.php 第 187 行.
INFO: Run Behavior\ParseTemplateBehavior [ RunTime:0.012163s ]
INFO: [ view_parse ] --END-- [ RunTime:0.012235s ]
INFO: [ view_filter ] --START--
INFO: Run Behavior\WriteHtmlCacheBehavior [ RunTime:0.000603s ]
INFO: [ view_filter ] --END-- [ RunTime:0.000640s ]
INFO: [ app_end ] --START--
INFO: Run Behavior\ShowPageTraceBehavior [ RunTime:0.000748s ]
INFO: [ app_end ] --END-- [ RunTime:0.000796s ]

[ 2016-12-24T17:36:15+08:00 ] 127.0.0.1 /Home/Guser/index/uid/5.html
INFO: [ app_init ] --START--
INFO: Run Behavior\BuildLiteBehavior [ RunTime:0.000008s ]
INFO: [ app_init ] --END-- [ RunTime:0.000279s ]
INFO: [ app_begin ] --START--
INFO: Run Behavior\ReadHtmlCacheBehavior [ RunTime:0.000461s ]
INFO: [ app_begin ] --END-- [ RunTime:0.000496s ]
SQL: SHOW COLUMNS FROM `user` [ RunTime:0.0075s ]
SQL: SELECT * FROM `user` INNER JOIN guser on guser.uid=user.id  WHERE user.id = '5' AND `role` = 1 LIMIT 1   [ RunTime:0.0004s ]
SQL: SHOW COLUMNS FROM `zan` [ RunTime:0.0089s ]
SQL: SELECT COUNT(*) AS tp_count FROM `zan` WHERE ( buid=5 ) LIMIT 1   [ RunTime:0.0003s ]
SQL: SHOW COLUMNS FROM `article` [ RunTime:0.0070s ]
SQL: SELECT COUNT(*) AS tp_count FROM `article` WHERE ( uid=5 ) LIMIT 1   [ RunTime:0.0003s ]
SQL: SELECT `id`,`title`,`content`,`pubtime`,`uid` FROM `article` WHERE ( uid=5 ) ORDER BY pubtime desc LIMIT 0,6   [ RunTime:0.0011s ]
SQL: SELECT `id`,`title`,`content`,`pubtime`,`uid` FROM `article` WHERE ( uid=5 ) ORDER BY pubtime desc  [ RunTime:0.0008s ]
SQL: SHOW COLUMNS FROM `pic` [ RunTime:0.0057s ]
SQL: SELECT * FROM `pic` WHERE ( uid=5 ) LIMIT 12   [ RunTime:0.0004s ]
SQL: SELECT COUNT(*) AS tp_count FROM `pic` WHERE ( uid=5 ) LIMIT 1   [ RunTime:0.0003s ]
INFO: [ view_parse ] --START--
INFO: [ template_filter ] --START--
INFO: Run Behavior\ContentReplaceBehavior [ RunTime:0.000066s ]
INFO: [ template_filter ] --END-- [ RunTime:0.000108s ]
NOTIC: [8] Undefined index: username F:\Bool\Tools\xampp\htdocs\src\git\nongmu\Runtime\Cache\Home\215dc33e9730bbff130cefc52a5edf6a.php 第 69 行.
NOTIC: [8] Undefined index: user F:\Bool\Tools\xampp\htdocs\src\git\nongmu\Runtime\Cache\Home\215dc33e9730bbff130cefc52a5edf6a.php 第 187 行.
INFO: Run Behavior\ParseTemplateBehavior [ RunTime:0.009066s ]
INFO: [ view_parse ] --END-- [ RunTime:0.009100s ]
INFO: [ view_filter ] --START--
INFO: Run Behavior\WriteHtmlCacheBehavior [ RunTime:0.000524s ]
INFO: [ view_filter ] --END-- [ RunTime:0.000550s ]
INFO: [ app_end ] --START--
INFO: Run Behavior\ShowPageTraceBehavior [ RunTime:0.000505s ]
INFO: [ app_end ] --END-- [ RunTime:0.000558s ]

[ 2016-12-24T17:36:27+08:00 ] 127.0.0.1 /Home/Guser/index/uid/5.html
INFO: [ app_init ] --START--
INFO: Run Behavior\BuildLiteBehavior [ RunTime:0.000010s ]
INFO: [ app_init ] --END-- [ RunTime:0.000392s ]
INFO: [ app_begin ] --START--
INFO: Run Behavior\ReadHtmlCacheBehavior [ RunTime:0.000575s ]
INFO: [ app_begin ] --END-- [ RunTime:0.000610s ]
SQL: SHOW COLUMNS FROM `user` [ RunTime:0.0631s ]
SQL: SELECT * FROM `user` INNER JOIN guser on guser.uid=user.id  WHERE user.id = '5' AND `role` = 1 LIMIT 1   [ RunTime:0.0006s ]
SQL: SHOW COLUMNS FROM `zan` [ RunTime:0.0065s ]
SQL: SELECT COUNT(*) AS tp_count FROM `zan` WHERE ( buid=5 ) LIMIT 1   [ RunTime:0.0003s ]
SQL: SHOW COLUMNS FROM `article` [ RunTime:0.0064s ]
SQL: SELECT COUNT(*) AS tp_count FROM `article` WHERE ( uid=5 ) LIMIT 1   [ RunTime:0.0003s ]
SQL: SELECT `id`,`title`,`content`,`pubtime`,`uid` FROM `article` WHERE ( uid=5 ) ORDER BY pubtime desc LIMIT 0,6   [ RunTime:0.0005s ]
SQL: SELECT `id`,`title`,`content`,`pubtime`,`uid` FROM `article` WHERE ( uid=5 ) ORDER BY pubtime desc  [ RunTime:0.0004s ]
SQL: SHOW COLUMNS FROM `pic` [ RunTime:0.0081s ]
SQL: SELECT * FROM `pic` WHERE ( uid=5 ) LIMIT 12   [ RunTime:0.0003s ]
SQL: SELECT COUNT(*) AS tp_count FROM `pic` WHERE ( uid=5 ) LIMIT 1   [ RunTime:0.0003s ]
INFO: [ view_parse ] --START--
INFO: [ template_filter ] --START--
INFO: Run Behavior\ContentReplaceBehavior [ RunTime:0.000061s ]
INFO: [ template_filter ] --END-- [ RunTime:0.000096s ]
NOTIC: [8] Undefined index: username F:\Bool\Tools\xampp\htdocs\src\git\nongmu\Runtime\Cache\Home\215dc33e9730bbff130cefc52a5edf6a.php 第 69 行.
NOTIC: [8] Undefined index: user F:\Bool\Tools\xampp\htdocs\src\git\nongmu\Runtime\Cache\Home\215dc33e9730bbff130cefc52a5edf6a.php 第 187 行.
INFO: Run Behavior\ParseTemplateBehavior [ RunTime:0.008265s ]
INFO: [ view_parse ] --END-- [ RunTime:0.008324s ]
INFO: [ view_filter ] --START--
INFO: Run Behavior\WriteHtmlCacheBehavior [ RunTime:0.000531s ]
INFO: [ view_filter ] --END-- [ RunTime:0.000578s ]
INFO: [ app_end ] --START--
INFO: Run Behavior\ShowPageTraceBehavior [ RunTime:0.000721s ]
INFO: [ app_end ] --END-- [ RunTime:0.000761s ]

[ 2016-12-24T17:36:31+08:00 ] 127.0.0.1 /Home/Publish/articleShow/aid/5.html
INFO: [ app_init ] --START--
INFO: Run Behavior\BuildLiteBehavior [ RunTime:0.000009s ]
INFO: [ app_init ] --END-- [ RunTime:0.000271s ]
INFO: [ app_begin ] --START--
INFO: Run Behavior\ReadHtmlCacheBehavior [ RunTime:0.000563s ]
INFO: [ app_begin ] --END-- [ RunTime:0.000597s ]
SQL: SHOW COLUMNS FROM `article` [ RunTime:0.0080s ]
SQL: SELECT * FROM `article` WHERE `id` = 5 LIMIT 1   [ RunTime:0.0004s ]
SQL: SHOW COLUMNS FROM `user` [ RunTime:0.0057s ]
SQL: SELECT * FROM `user` WHERE `id` = 5 LIMIT 1   [ RunTime:0.0003s ]
INFO: [ view_parse ] --START--
INFO: [ template_filter ] --START--
INFO: Run Behavior\ContentReplaceBehavior [ RunTime:0.000045s ]
INFO: [ template_filter ] --END-- [ RunTime:0.000081s ]
NOTIC: [8] Undefined index: username F:\Bool\Tools\xampp\htdocs\src\git\nongmu\Runtime\Cache\Home\1f875d92a5696f0b47ee12a2ebea4a5d.php 第 59 行.
INFO: Run Behavior\ParseTemplateBehavior [ RunTime:0.006709s ]
INFO: [ view_parse ] --END-- [ RunTime:0.006773s ]
INFO: [ view_filter ] --START--
INFO: Run Behavior\WriteHtmlCacheBehavior [ RunTime:0.000815s ]
INFO: [ view_filter ] --END-- [ RunTime:0.000864s ]
INFO: [ app_end ] --START--
INFO: Run Behavior\ShowPageTraceBehavior [ RunTime:0.000919s ]
INFO: [ app_end ] --END-- [ RunTime:0.001040s ]

[ 2016-12-24T17:36:34+08:00 ] 192.168.4.195 /Home/User/login
INFO: [ app_init ] --START--
INFO: Run Behavior\BuildLiteBehavior [ RunTime:0.000009s ]
INFO: [ app_init ] --END-- [ RunTime:0.000258s ]
INFO: [ app_begin ] --START--
INFO: Run Behavior\ReadHtmlCacheBehavior [ RunTime:0.000333s ]
INFO: [ app_begin ] --END-- [ RunTime:0.000372s ]
INFO: [ view_parse ] --START--
INFO: [ template_filter ] --START--
INFO: Run Behavior\ContentReplaceBehavior [ RunTime:0.000086s ]
INFO: [ template_filter ] --END-- [ RunTime:0.000174s ]
INFO: Run Behavior\ParseTemplateBehavior [ RunTime:0.009783s ]
INFO: [ view_parse ] --END-- [ RunTime:0.009835s ]
INFO: [ view_filter ] --START--
INFO: Run Behavior\WriteHtmlCacheBehavior [ RunTime:0.000494s ]
INFO: [ view_filter ] --END-- [ RunTime:0.000542s ]
INFO: [ app_end ] --START--
INFO: Run Behavior\ShowPageTraceBehavior [ RunTime:0.000716s ]
INFO: [ app_end ] --END-- [ RunTime:0.000769s ]

[ 2016-12-24T17:36:35+08:00 ] 192.168.4.195 /Home/User/verify.html
INFO: [ app_init ] --START--
INFO: Run Behavior\BuildLiteBehavior [ RunTime:0.000008s ]
INFO: [ app_init ] --END-- [ RunTime:0.000231s ]
INFO: [ app_begin ] --START--
INFO: Run Behavior\ReadHtmlCacheBehavior [ RunTime:0.000366s ]
INFO: [ app_begin ] --END-- [ RunTime:0.000401s ]
INFO: [ app_end ] --START--
INFO: Run Behavior\ShowPageTraceBehavior [ RunTime:0.000475s ]
INFO: [ app_end ] --END-- [ RunTime:0.000514s ]

[ 2016-12-24T17:36:40+08:00 ] 192.168.4.195 /
INFO: [ app_init ] --START--
INFO: Run Behavior\BuildLiteBehavior [ RunTime:0.000008s ]
INFO: [ app_init ] --END-- [ RunTime:0.000317s ]
INFO: [ app_begin ] --START--
INFO: Run Behavior\ReadHtmlCacheBehavior [ RunTime:0.000304s ]
INFO: [ app_begin ] --END-- [ RunTime:0.000337s ]
SQL: SHOW COLUMNS FROM `guser` [ RunTime:0.0099s ]
SQL: SELECT user.lastime,user.icon,user.username,guser.* FROM `guser` INNER JOIN user on user.id=guser.uid   [ RunTime:0.0008s ]
SQL: SHOW COLUMNS FROM `zan` [ RunTime:0.0080s ]
SQL: SELECT COUNT(*) AS tp_count FROM `zan` WHERE ( buid=1 ) LIMIT 1   [ RunTime:0.0005s ]
SQL: SHOW COLUMNS FROM `article` [ RunTime:0.0076s ]
SQL: SELECT COUNT(*) AS tp_count FROM `article` WHERE ( uid=1 ) LIMIT 1   [ RunTime:0.0005s ]
SQL: SELECT `id`,`title`,`content`,`pubtime`,`uid` FROM `article` WHERE ( uid=1 ) ORDER BY pubtime desc  [ RunTime:0.0005s ]
SQL: SELECT COUNT(*) AS tp_count FROM `zan` WHERE ( buid=2 ) LIMIT 1   [ RunTime:0.0004s ]
SQL: SELECT COUNT(*) AS tp_count FROM `article` WHERE ( uid=2 ) LIMIT 1   [ RunTime:0.0003s ]
SQL: SELECT `id`,`title`,`content`,`pubtime`,`uid` FROM `article` WHERE ( uid=2 ) ORDER BY pubtime desc  [ RunTime:0.0003s ]
SQL: SELECT COUNT(*) AS tp_count FROM `zan` WHERE ( buid=5 ) LIMIT 1   [ RunTime:0.0003s ]
SQL: SELECT COUNT(*) AS tp_count FROM `article` WHERE ( uid=5 ) LIMIT 1   [ RunTime:0.0002s ]
SQL: SELECT `id`,`title`,`content`,`pubtime`,`uid` FROM `article` WHERE ( uid=5 ) ORDER BY pubtime desc  [ RunTime:0.0005s ]
SQL: SELECT COUNT(*) AS tp_count FROM `zan` WHERE ( buid=4 ) LIMIT 1   [ RunTime:0.0004s ]
SQL: SELECT COUNT(*) AS tp_count FROM `article` WHERE ( uid=4 ) LIMIT 1   [ RunTime:0.0003s ]
SQL: SELECT `id`,`title`,`content`,`pubtime`,`uid` FROM `article` WHERE ( uid=4 ) ORDER BY pubtime desc  [ RunTime:0.0002s ]
SQL: SELECT COUNT(*) AS tp_count FROM `zan` WHERE ( buid=6 ) LIMIT 1   [ RunTime:0.0001s ]
SQL: SELECT COUNT(*) AS tp_count FROM `article` WHERE ( uid=6 ) LIMIT 1   [ RunTime:0.0002s ]
SQL: SELECT `id`,`title`,`content`,`pubtime`,`uid` FROM `article` WHERE ( uid=6 ) ORDER BY pubtime desc  [ RunTime:0.0007s ]
INFO: [ view_parse ] --START--
INFO: [ template_filter ] --START--
INFO: Run Behavior\ContentReplaceBehavior [ RunTime:0.000057s ]
INFO: [ template_filter ] --END-- [ RunTime:0.000090s ]
NOTIC: [8] Undefined index: username F:\Bool\Tools\xampp\htdocs\src\git\nongmu\Runtime\Cache\Home\2f412aae274b751dca883838bf7e7502.php 第 64 行.
INFO: Run Behavior\ParseTemplateBehavior [ RunTime:0.006706s ]
INFO: [ view_parse ] --END-- [ RunTime:0.006741s ]
INFO: [ view_filter ] --START--
INFO: Run Behavior\WriteHtmlCacheBehavior [ RunTime:0.000325s ]
INFO: [ view_filter ] --END-- [ RunTime:0.000355s ]
INFO: [ app_end ] --START--
INFO: Run Behavior\ShowPageTraceBehavior [ RunTime:0.000482s ]
INFO: [ app_end ] --END-- [ RunTime:0.000511s ]

[ 2016-12-24T17:36:43+08:00 ] 127.0.0.1 /Home/Guser/index/uid/5.html
INFO: [ app_init ] --START--
INFO: Run Behavior\BuildLiteBehavior [ RunTime:0.000011s ]
INFO: [ app_init ] --END-- [ RunTime:0.000299s ]
INFO: [ app_begin ] --START--
INFO: Run Behavior\ReadHtmlCacheBehavior [ RunTime:0.000679s ]
INFO: [ app_begin ] --END-- [ RunTime:0.000745s ]
SQL: SHOW COLUMNS FROM `user` [ RunTime:0.0076s ]
SQL: SELECT * FROM `user` INNER JOIN guser on guser.uid=user.id  WHERE user.id = '5' AND `role` = 1 LIMIT 1   [ RunTime:0.0006s ]
SQL: SHOW COLUMNS FROM `zan` [ RunTime:0.0183s ]
SQL: SELECT COUNT(*) AS tp_count FROM `zan` WHERE ( buid=5 ) LIMIT 1   [ RunTime:0.0003s ]
SQL: SHOW COLUMNS FROM `article` [ RunTime:0.0082s ]
SQL: SELECT COUNT(*) AS tp_count FROM `article` WHERE ( uid=5 ) LIMIT 1   [ RunTime:0.0003s ]
SQL: SELECT `id`,`title`,`content`,`pubtime`,`uid` FROM `article` WHERE ( uid=5 ) ORDER BY pubtime desc LIMIT 0,6   [ RunTime:0.0004s ]
SQL: SELECT `id`,`title`,`content`,`pubtime`,`uid` FROM `article` WHERE ( uid=5 ) ORDER BY pubtime desc  [ RunTime:0.0004s ]
SQL: SHOW COLUMNS FROM `pic` [ RunTime:0.0070s ]
SQL: SELECT * FROM `pic` WHERE ( uid=5 ) LIMIT 12   [ RunTime:0.0006s ]
SQL: SELECT COUNT(*) AS tp_count FROM `pic` WHERE ( uid=5 ) LIMIT 1   [ RunTime:0.0003s ]
INFO: [ view_parse ] --START--
INFO: [ template_filter ] --START--
INFO: Run Behavior\ContentReplaceBehavior [ RunTime:0.000061s ]
INFO: [ template_filter ] --END-- [ RunTime:0.000099s ]
NOTIC: [8] Undefined index: username F:\Bool\Tools\xampp\htdocs\src\git\nongmu\Runtime\Cache\Home\215dc33e9730bbff130cefc52a5edf6a.php 第 69 行.
NOTIC: [8] Undefined index: user F:\Bool\Tools\xampp\htdocs\src\git\nongmu\Runtime\Cache\Home\215dc33e9730bbff130cefc52a5edf6a.php 第 187 行.
INFO: Run Behavior\ParseTemplateBehavior [ RunTime:0.009407s ]
INFO: [ view_parse ] --END-- [ RunTime:0.009494s ]
INFO: [ view_filter ] --START--
INFO: Run Behavior\WriteHtmlCacheBehavior [ RunTime:0.000548s ]
INFO: [ view_filter ] --END-- [ RunTime:0.000582s ]
INFO: [ app_end ] --START--
INFO: Run Behavior\ShowPageTraceBehavior [ RunTime:0.000863s ]
INFO: [ app_end ] --END-- [ RunTime:0.000913s ]

[ 2016-12-24T17:37:17+08:00 ] 127.0.0.1 /
INFO: [ app_init ] --START--
INFO: Run Behavior\BuildLiteBehavior [ RunTime:0.000010s ]
INFO: [ app_init ] --END-- [ RunTime:0.000343s ]
INFO: [ app_begin ] --START--
INFO: Run Behavior\ReadHtmlCacheBehavior [ RunTime:0.000620s ]
INFO: [ app_begin ] --END-- [ RunTime:0.000657s ]
SQL: SHOW COLUMNS FROM `guser` [ RunTime:0.0090s ]
SQL: SELECT user.lastime,user.icon,user.username,guser.* FROM `guser` INNER JOIN user on user.id=guser.uid   [ RunTime:0.0004s ]
SQL: SHOW COLUMNS FROM `zan` [ RunTime:0.0177s ]
SQL: SELECT COUNT(*) AS tp_count FROM `zan` WHERE ( buid=1 ) LIMIT 1   [ RunTime:0.0004s ]
SQL: SHOW COLUMNS FROM `article` [ RunTime:0.0092s ]
SQL: SELECT COUNT(*) AS tp_count FROM `article` WHERE ( uid=1 ) LIMIT 1   [ RunTime:0.0005s ]
SQL: SELECT `id`,`title`,`content`,`pubtime`,`uid` FROM `article` WHERE ( uid=1 ) ORDER BY pubtime desc  [ RunTime:0.0004s ]
SQL: SELECT COUNT(*) AS tp_count FROM `zan` WHERE ( buid=2 ) LIMIT 1   [ RunTime:0.0003s ]
SQL: SELECT COUNT(*) AS tp_count FROM `article` WHERE ( uid=2 ) LIMIT 1   [ RunTime:0.0003s ]
SQL: SELECT `id`,`title`,`content`,`pubtime`,`uid` FROM `article` WHERE ( uid=2 ) ORDER BY pubtime desc  [ RunTime:0.0003s ]
SQL: SELECT COUNT(*) AS tp_count FROM `zan` WHERE ( buid=5 ) LIMIT 1   [ RunTime:0.0003s ]
SQL: SELECT COUNT(*) AS tp_count FROM `article` WHERE ( uid=5 ) LIMIT 1   [ RunTime:0.0003s ]
SQL: SELECT `id`,`title`,`content`,`pubtime`,`uid` FROM `article` WHERE ( uid=5 ) ORDER BY pubtime desc  [ RunTime:0.0005s ]
SQL: SELECT COUNT(*) AS tp_count FROM `zan` WHERE ( buid=4 ) LIMIT 1   [ RunTime:0.0004s ]
SQL: SELECT COUNT(*) AS tp_count FROM `article` WHERE ( uid=4 ) LIMIT 1   [ RunTime:0.0002s ]
SQL: SELECT `id`,`title`,`content`,`pubtime`,`uid` FROM `article` WHERE ( uid=4 ) ORDER BY pubtime desc  [ RunTime:0.0002s ]
SQL: SELECT COUNT(*) AS tp_count FROM `zan` WHERE ( buid=6 ) LIMIT 1   [ RunTime:0.0003s ]
SQL: SELECT COUNT(*) AS tp_count FROM `article` WHERE ( uid=6 ) LIMIT 1   [ RunTime:0.0002s ]
SQL: SELECT `id`,`title`,`content`,`pubtime`,`uid` FROM `article` WHERE ( uid=6 ) ORDER BY pubtime desc  [ RunTime:0.0007s ]
INFO: [ view_parse ] --START--
INFO: [ template_filter ] --START--
INFO: Run Behavior\ContentReplaceBehavior [ RunTime:0.000060s ]
INFO: [ template_filter ] --END-- [ RunTime:0.000098s ]
NOTIC: [8] Undefined index: username F:\Bool\Tools\xampp\htdocs\src\git\nongmu\Runtime\Cache\Home\2f412aae274b751dca883838bf7e7502.php 第 64 行.
INFO: Run Behavior\ParseTemplateBehavior [ RunTime:0.009500s ]
INFO: [ view_parse ] --END-- [ RunTime:0.009621s ]
INFO: [ view_filter ] --START--
INFO: Run Behavior\WriteHtmlCacheBehavior [ RunTime:0.000858s ]
INFO: [ view_filter ] --END-- [ RunTime:0.000938s ]
INFO: [ app_end ] --START--
INFO: Run Behavior\ShowPageTraceBehavior [ RunTime:0.001194s ]
INFO: [ app_end ] --END-- [ RunTime:0.001245s ]

[ 2016-12-24T17:37:20+08:00 ] 192.168.4.195 /
INFO: [ app_init ] --START--
INFO: Run Behavior\BuildLiteBehavior [ RunTime:0.000008s ]
INFO: [ app_init ] --END-- [ RunTime:0.000302s ]
INFO: [ app_begin ] --START--
INFO: Run Behavior\ReadHtmlCacheBehavior [ RunTime:0.000598s ]
INFO: [ app_begin ] --END-- [ RunTime:0.000633s ]
SQL: SHOW COLUMNS FROM `guser` [ RunTime:0.0078s ]
SQL: SELECT user.lastime,user.icon,user.username,guser.* FROM `guser` INNER JOIN user on user.id=guser.uid   [ RunTime:0.0006s ]
SQL: SHOW COLUMNS FROM `zan` [ RunTime:0.0077s ]
SQL: SELECT COUNT(*) AS tp_count FROM `zan` WHERE ( buid=1 ) LIMIT 1   [ RunTime:0.0004s ]
SQL: SHOW COLUMNS FROM `article` [ RunTime:0.0052s ]
SQL: SELECT COUNT(*) AS tp_count FROM `article` WHERE ( uid=1 ) LIMIT 1   [ RunTime:0.0003s ]
SQL: SELECT `id`,`title`,`content`,`pubtime`,`uid` FROM `article` WHERE ( uid=1 ) ORDER BY pubtime desc  [ RunTime:0.0003s ]
SQL: SELECT COUNT(*) AS tp_count FROM `zan` WHERE ( buid=2 ) LIMIT 1   [ RunTime:0.0003s ]
SQL: SELECT COUNT(*) AS tp_count FROM `article` WHERE ( uid=2 ) LIMIT 1   [ RunTime:0.0004s ]
SQL: SELECT `id`,`title`,`content`,`pubtime`,`uid` FROM `article` WHERE ( uid=2 ) ORDER BY pubtime desc  [ RunTime:0.0004s ]
SQL: SELECT COUNT(*) AS tp_count FROM `zan` WHERE ( buid=5 ) LIMIT 1   [ RunTime:0.0003s ]
SQL: SELECT COUNT(*) AS tp_count FROM `article` WHERE ( uid=5 ) LIMIT 1   [ RunTime:0.0002s ]
SQL: SELECT `id`,`title`,`content`,`pubtime`,`uid` FROM `article` WHERE ( uid=5 ) ORDER BY pubtime desc  [ RunTime:0.0007s ]
SQL: SELECT COUNT(*) AS tp_count FROM `zan` WHERE ( buid=4 ) LIMIT 1   [ RunTime:0.0004s ]
SQL: SELECT COUNT(*) AS tp_count FROM `article` WHERE ( uid=4 ) LIMIT 1   [ RunTime:0.0002s ]
SQL: SELECT `id`,`title`,`content`,`pubtime`,`uid` FROM `article` WHERE ( uid=4 ) ORDER BY pubtime desc  [ RunTime:0.0003s ]
SQL: SELECT COUNT(*) AS tp_count FROM `zan` WHERE ( buid=6 ) LIMIT 1   [ RunTime:0.0003s ]
SQL: SELECT COUNT(*) AS tp_count FROM `article` WHERE ( uid=6 ) LIMIT 1   [ RunTime:0.0003s ]
SQL: SELECT `id`,`title`,`content`,`pubtime`,`uid` FROM `article` WHERE ( uid=6 ) ORDER BY pubtime desc  [ RunTime:0.0008s ]
INFO: [ view_parse ] --START--
INFO: [ template_filter ] --START--
INFO: Run Behavior\ContentReplaceBehavior [ RunTime:0.000065s ]
INFO: [ template_filter ] --END-- [ RunTime:0.000112s ]
NOTIC: [8] Undefined index: username F:\Bool\Tools\xampp\htdocs\src\git\nongmu\Runtime\Cache\Home\2f412aae274b751dca883838bf7e7502.php 第 64 行.
INFO: Run Behavior\ParseTemplateBehavior [ RunTime:0.010224s ]
INFO: [ view_parse ] --END-- [ RunTime:0.010276s ]
INFO: [ view_filter ] --START--
INFO: Run Behavior\WriteHtmlCacheBehavior [ RunTime:0.000520s ]
INFO: [ view_filter ] --END-- [ RunTime:0.000560s ]
INFO: [ app_end ] --START--
INFO: Run Behavior\ShowPageTraceBehavior [ RunTime:0.000615s ]
INFO: [ app_end ] --END-- [ RunTime:0.000659s ]

[ 2016-12-24T17:37:22+08:00 ] 192.168.4.195 /
INFO: [ app_init ] --START--
INFO: Run Behavior\BuildLiteBehavior [ RunTime:0.000029s ]
INFO: [ app_init ] --END-- [ RunTime:0.000943s ]
INFO: [ app_begin ] --START--
INFO: Run Behavior\ReadHtmlCacheBehavior [ RunTime:0.000805s ]
INFO: [ app_begin ] --END-- [ RunTime:0.000862s ]
SQL: SHOW COLUMNS FROM `guser` [ RunTime:0.0091s ]
SQL: SELECT user.lastime,user.icon,user.username,guser.* FROM `guser` INNER JOIN user on user.id=guser.uid   [ RunTime:0.0006s ]
SQL: SHOW COLUMNS FROM `zan` [ RunTime:0.0071s ]
SQL: SELECT COUNT(*) AS tp_count FROM `zan` WHERE ( buid=1 ) LIMIT 1   [ RunTime:0.0003s ]
SQL: SHOW COLUMNS FROM `article` [ RunTime:0.0083s ]
SQL: SELECT COUNT(*) AS tp_count FROM `article` WHERE ( uid=1 ) LIMIT 1   [ RunTime:0.0004s ]
SQL: SELECT `id`,`title`,`content`,`pubtime`,`uid` FROM `article` WHERE ( uid=1 ) ORDER BY pubtime desc  [ RunTime:0.0005s ]
SQL: SELECT COUNT(*) AS tp_count FROM `zan` WHERE ( buid=2 ) LIMIT 1   [ RunTime:0.0003s ]
SQL: SELECT COUNT(*) AS tp_count FROM `article` WHERE ( uid=2 ) LIMIT 1   [ RunTime:0.0002s ]
SQL: SELECT `id`,`title`,`content`,`pubtime`,`uid` FROM `article` WHERE ( uid=2 ) ORDER BY pubtime desc  [ RunTime:0.0002s ]
SQL: SELECT COUNT(*) AS tp_count FROM `zan` WHERE ( buid=5 ) LIMIT 1   [ RunTime:0.0002s ]
SQL: SELECT COUNT(*) AS tp_count FROM `article` WHERE ( uid=5 ) LIMIT 1   [ RunTime:0.0001s ]
SQL: SELECT `id`,`title`,`content`,`pubtime`,`uid` FROM `article` WHERE ( uid=5 ) ORDER BY pubtime desc  [ RunTime:0.0004s ]
SQL: SELECT COUNT(*) AS tp_count FROM `zan` WHERE ( buid=4 ) LIMIT 1   [ RunTime:0.0003s ]
SQL: SELECT COUNT(*) AS tp_count FROM `article` WHERE ( uid=4 ) LIMIT 1   [ RunTime:0.0003s ]
SQL: SELECT `id`,`title`,`content`,`pubtime`,`uid` FROM `article` WHERE ( uid=4 ) ORDER BY pubtime desc  [ RunTime:0.0003s ]
SQL: SELECT COUNT(*) AS tp_count FROM `zan` WHERE ( buid=6 ) LIMIT 1   [ RunTime:0.0002s ]
SQL: SELECT COUNT(*) AS tp_count FROM `article` WHERE ( uid=6 ) LIMIT 1   [ RunTime:0.0002s ]
SQL: SELECT `id`,`title`,`content`,`pubtime`,`uid` FROM `article` WHERE ( uid=6 ) ORDER BY pubtime desc  [ RunTime:0.0008s ]
INFO: [ view_parse ] --START--
INFO: [ template_filter ] --START--
INFO: Run Behavior\ContentReplaceBehavior [ RunTime:0.000120s ]
INFO: [ template_filter ] --END-- [ RunTime:0.000217s ]
NOTIC: [8] Undefined index: username F:\Bool\Tools\xampp\htdocs\src\git\nongmu\Runtime\Cache\Home\2f412aae274b751dca883838bf7e7502.php 第 64 行.
INFO: Run Behavior\ParseTemplateBehavior [ RunTime:0.012167s ]
INFO: [ view_parse ] --END-- [ RunTime:0.012242s ]
INFO: [ view_filter ] --START--
INFO: Run Behavior\WriteHtmlCacheBehavior [ RunTime:0.000524s ]
INFO: [ view_filter ] --END-- [ RunTime:0.000567s ]
INFO: [ app_end ] --START--
INFO: Run Behavior\ShowPageTraceBehavior [ RunTime:0.000773s ]
INFO: [ app_end ] --END-- [ RunTime:0.000827s ]

[ 2016-12-24T17:37:29+08:00 ] 192.168.4.195 /Home/Guser/index/uid/6.html
INFO: [ app_init ] --START--
INFO: Run Behavior\BuildLiteBehavior [ RunTime:0.000011s ]
INFO: [ app_init ] --END-- [ RunTime:0.000282s ]
INFO: [ app_begin ] --START--
INFO: Run Behavior\ReadHtmlCacheBehavior [ RunTime:0.000326s ]
INFO: [ app_begin ] --END-- [ RunTime:0.000361s ]
SQL: SHOW COLUMNS FROM `user` [ RunTime:0.0090s ]
SQL: SELECT * FROM `user` INNER JOIN guser on guser.uid=user.id  WHERE user.id = '6' AND `role` = 1 LIMIT 1   [ RunTime:0.0008s ]
SQL: SHOW COLUMNS FROM `zan` [ RunTime:0.0064s ]
SQL: SELECT COUNT(*) AS tp_count FROM `zan` WHERE ( buid=6 ) LIMIT 1   [ RunTime:0.0002s ]
SQL: SHOW COLUMNS FROM `article` [ RunTime:0.0066s ]
SQL: SELECT COUNT(*) AS tp_count FROM `article` WHERE ( uid=6 ) LIMIT 1   [ RunTime:0.0004s ]
SQL: SELECT `id`,`title`,`content`,`pubtime`,`uid` FROM `article` WHERE ( uid=6 ) ORDER BY pubtime desc LIMIT 0,6   [ RunTime:0.0007s ]
SQL: SELECT `id`,`title`,`content`,`pubtime`,`uid` FROM `article` WHERE ( uid=6 ) ORDER BY pubtime desc  [ RunTime:0.0008s ]
SQL: SHOW COLUMNS FROM `pic` [ RunTime:0.0095s ]
SQL: SELECT * FROM `pic` WHERE ( uid=6 ) LIMIT 12   [ RunTime:0.0005s ]
SQL: SELECT COUNT(*) AS tp_count FROM `pic` WHERE ( uid=6 ) LIMIT 1   [ RunTime:0.0003s ]
INFO: [ view_parse ] --START--
INFO: [ template_filter ] --START--
INFO: Run Behavior\ContentReplaceBehavior [ RunTime:0.000090s ]
INFO: [ template_filter ] --END-- [ RunTime:0.000152s ]
NOTIC: [8] Undefined index: username F:\Bool\Tools\xampp\htdocs\src\git\nongmu\Runtime\Cache\Home\215dc33e9730bbff130cefc52a5edf6a.php 第 69 行.
NOTIC: [8] Undefined index: user F:\Bool\Tools\xampp\htdocs\src\git\nongmu\Runtime\Cache\Home\215dc33e9730bbff130cefc52a5edf6a.php 第 187 行.
INFO: Run Behavior\ParseTemplateBehavior [ RunTime:0.013932s ]
INFO: [ view_parse ] --END-- [ RunTime:0.014011s ]
INFO: [ view_filter ] --START--
INFO: Run Behavior\WriteHtmlCacheBehavior [ RunTime:0.000753s ]
INFO: [ view_filter ] --END-- [ RunTime:0.000799s ]
INFO: [ app_end ] --START--
INFO: Run Behavior\ShowPageTraceBehavior [ RunTime:0.000620s ]
INFO: [ app_end ] --END-- [ RunTime:0.000679s ]

[ 2016-12-24T17:37:46+08:00 ] 192.168.4.195 /Home/Guser/index/uid/6.html
INFO: [ app_init ] --START--
INFO: Run Behavior\BuildLiteBehavior [ RunTime:0.000008s ]
INFO: [ app_init ] --END-- [ RunTime:0.000271s ]
INFO: [ app_begin ] --START--
INFO: Run Behavior\ReadHtmlCacheBehavior [ RunTime:0.000391s ]
INFO: [ app_begin ] --END-- [ RunTime:0.000426s ]
SQL: SHOW COLUMNS FROM `user` [ RunTime:0.0080s ]
SQL: SELECT * FROM `user` INNER JOIN guser on guser.uid=user.id  WHERE user.id = '6' AND `role` = 1 LIMIT 1   [ RunTime:0.0005s ]
SQL: SHOW COLUMNS FROM `zan` [ RunTime:0.0191s ]
SQL: SELECT COUNT(*) AS tp_count FROM `zan` WHERE ( buid=6 ) LIMIT 1   [ RunTime:0.0003s ]
SQL: SHOW COLUMNS FROM `article` [ RunTime:0.0064s ]
SQL: SELECT COUNT(*) AS tp_count FROM `article` WHERE ( uid=6 ) LIMIT 1   [ RunTime:0.0004s ]
SQL: SELECT `id`,`title`,`content`,`pubtime`,`uid` FROM `article` WHERE ( uid=6 ) ORDER BY pubtime desc LIMIT 0,6   [ RunTime:0.0007s ]
SQL: SELECT `id`,`title`,`content`,`pubtime`,`uid` FROM `article` WHERE ( uid=6 ) ORDER BY pubtime desc  [ RunTime:0.0006s ]
SQL: SHOW COLUMNS FROM `pic` [ RunTime:0.0074s ]
SQL: SELECT * FROM `pic` WHERE ( uid=6 ) LIMIT 12   [ RunTime:0.0003s ]
SQL: SELECT COUNT(*) AS tp_count FROM `pic` WHERE ( uid=6 ) LIMIT 1   [ RunTime:0.0003s ]
INFO: [ view_parse ] --START--
INFO: [ template_filter ] --START--
INFO: Run Behavior\ContentReplaceBehavior [ RunTime:0.000104s ]
INFO: [ template_filter ] --END-- [ RunTime:0.000219s ]
NOTIC: [8] Undefined index: username F:\Bool\Tools\xampp\htdocs\src\git\nongmu\Runtime\Cache\Home\215dc33e9730bbff130cefc52a5edf6a.php 第 69 行.
NOTIC: [8] Undefined index: user F:\Bool\Tools\xampp\htdocs\src\git\nongmu\Runtime\Cache\Home\215dc33e9730bbff130cefc52a5edf6a.php 第 187 行.
INFO: Run Behavior\ParseTemplateBehavior [ RunTime:0.009835s ]
INFO: [ view_parse ] --END-- [ RunTime:0.009887s ]
INFO: [ view_filter ] --START--
INFO: Run Behavior\WriteHtmlCacheBehavior [ RunTime:0.000347s ]
INFO: [ view_filter ] --END-- [ RunTime:0.000375s ]
INFO: [ app_end ] --START--
INFO: Run Behavior\ShowPageTraceBehavior [ RunTime:0.000659s ]
INFO: [ app_end ] --END-- [ RunTime:0.000707s ]

[ 2016-12-24T17:38:13+08:00 ] 127.0.0.1 /
INFO: [ app_init ] --START--
INFO: Run Behavior\BuildLiteBehavior [ RunTime:0.000009s ]
INFO: [ app_init ] --END-- [ RunTime:0.000349s ]
INFO: [ app_begin ] --START--
INFO: Run Behavior\ReadHtmlCacheBehavior [ RunTime:0.000627s ]
INFO: [ app_begin ] --END-- [ RunTime:0.000667s ]
SQL: SHOW COLUMNS FROM `guser` [ RunTime:0.0381s ]
SQL: SELECT user.lastime,user.icon,user.username,guser.* FROM `guser` INNER JOIN user on user.id=guser.uid   [ RunTime:0.0004s ]
SQL: SHOW COLUMNS FROM `zan` [ RunTime:0.0083s ]
SQL: SELECT COUNT(*) AS tp_count FROM `zan` WHERE ( buid=1 ) LIMIT 1   [ RunTime:0.0003s ]
SQL: SHOW COLUMNS FROM `article` [ RunTime:0.0075s ]
SQL: SELECT COUNT(*) AS tp_count FROM `article` WHERE ( uid=1 ) LIMIT 1   [ RunTime:0.0002s ]
SQL: SELECT `id`,`title`,`content`,`pubtime`,`uid` FROM `article` WHERE ( uid=1 ) ORDER BY pubtime desc  [ RunTime:0.0003s ]
SQL: SELECT COUNT(*) AS tp_count FROM `zan` WHERE ( buid=2 ) LIMIT 1   [ RunTime:0.0002s ]
SQL: SELECT COUNT(*) AS tp_count FROM `article` WHERE ( uid=2 ) LIMIT 1   [ RunTime:0.0001s ]
SQL: SELECT `id`,`title`,`content`,`pubtime`,`uid` FROM `article` WHERE ( uid=2 ) ORDER BY pubtime desc  [ RunTime:0.0001s ]
SQL: SELECT COUNT(*) AS tp_count FROM `zan` WHERE ( buid=5 ) LIMIT 1   [ RunTime:0.0001s ]
SQL: SELECT COUNT(*) AS tp_count FROM `article` WHERE ( uid=5 ) LIMIT 1   [ RunTime:0.0001s ]
SQL: SELECT `id`,`title`,`content`,`pubtime`,`uid` FROM `article` WHERE ( uid=5 ) ORDER BY pubtime desc  [ RunTime:0.0003s ]
SQL: SELECT COUNT(*) AS tp_count FROM `zan` WHERE ( buid=4 ) LIMIT 1   [ RunTime:0.0002s ]
SQL: SELECT COUNT(*) AS tp_count FROM `article` WHERE ( uid=4 ) LIMIT 1   [ RunTime:0.0002s ]
SQL: SELECT `id`,`title`,`content`,`pubtime`,`uid` FROM `article` WHERE ( uid=4 ) ORDER BY pubtime desc  [ RunTime:0.0003s ]
SQL: SELECT COUNT(*) AS tp_count FROM `zan` WHERE ( buid=6 ) LIMIT 1   [ RunTime:0.0003s ]
SQL: SELECT COUNT(*) AS tp_count FROM `article` WHERE ( uid=6 ) LIMIT 1   [ RunTime:0.0003s ]
SQL: SELECT `id`,`title`,`content`,`pubtime`,`uid` FROM `article` WHERE ( uid=6 ) ORDER BY pubtime desc  [ RunTime:0.0006s ]
INFO: [ view_parse ] --START--
INFO: [ template_filter ] --START--
INFO: Run Behavior\ContentReplaceBehavior [ RunTime:0.000060s ]
INFO: [ template_filter ] --END-- [ RunTime:0.000096s ]
NOTIC: [8] Undefined index: username F:\Bool\Tools\xampp\htdocs\src\git\nongmu\Runtime\Cache\Home\2f412aae274b751dca883838bf7e7502.php 第 64 行.
INFO: Run Behavior\ParseTemplateBehavior [ RunTime:0.009974s ]
INFO: [ view_parse ] --END-- [ RunTime:0.010054s ]
INFO: [ view_filter ] --START--
INFO: Run Behavior\WriteHtmlCacheBehavior [ RunTime:0.000488s ]
INFO: [ view_filter ] --END-- [ RunTime:0.000517s ]
INFO: [ app_end ] --START--
INFO: Run Behavior\ShowPageTraceBehavior [ RunTime:0.000672s ]
INFO: [ app_end ] --END-- [ RunTime:0.000707s ]

[ 2016-12-24T17:38:42+08:00 ] 192.168.4.195 /Home/Guser/index/uid/6.html
INFO: [ app_init ] --START--
INFO: Run Behavior\BuildLiteBehavior [ RunTime:0.000009s ]
INFO: [ app_init ] --END-- [ RunTime:0.000598s ]
INFO: [ app_begin ] --START--
INFO: Run Behavior\ReadHtmlCacheBehavior [ RunTime:0.000936s ]
INFO: [ app_begin ] --END-- [ RunTime:0.000982s ]
SQL: SHOW COLUMNS FROM `user` [ RunTime:0.0287s ]
SQL: SELECT * FROM `user` INNER JOIN guser on guser.uid=user.id  WHERE user.id = '6' AND `role` = 1 LIMIT 1   [ RunTime:0.0005s ]
SQL: SHOW COLUMNS FROM `zan` [ RunTime:0.0070s ]
SQL: SELECT COUNT(*) AS tp_count FROM `zan` WHERE ( buid=6 ) LIMIT 1   [ RunTime:0.0004s ]
SQL: SHOW COLUMNS FROM `article` [ RunTime:0.0058s ]
SQL: SELECT COUNT(*) AS tp_count FROM `article` WHERE ( uid=6 ) LIMIT 1   [ RunTime:0.0003s ]
SQL: SELECT `id`,`title`,`content`,`pubtime`,`uid` FROM `article` WHERE ( uid=6 ) ORDER BY pubtime desc LIMIT 0,6   [ RunTime:0.0006s ]
SQL: SELECT `id`,`title`,`content`,`pubtime`,`uid` FROM `article` WHERE ( uid=6 ) ORDER BY pubtime desc  [ RunTime:0.0006s ]
SQL: SHOW COLUMNS FROM `pic` [ RunTime:0.0071s ]
SQL: SELECT * FROM `pic` WHERE ( uid=6 ) LIMIT 12   [ RunTime:0.0004s ]
SQL: SELECT COUNT(*) AS tp_count FROM `pic` WHERE ( uid=6 ) LIMIT 1   [ RunTime:0.0002s ]
INFO: [ view_parse ] --START--
INFO: [ template_filter ] --START--
INFO: Run Behavior\ContentReplaceBehavior [ RunTime:0.000120s ]
INFO: [ template_filter ] --END-- [ RunTime:0.000177s ]
NOTIC: [8] Undefined index: username F:\Bool\Tools\xampp\htdocs\src\git\nongmu\Runtime\Cache\Home\215dc33e9730bbff130cefc52a5edf6a.php 第 69 行.
NOTIC: [8] Undefined index: user F:\Bool\Tools\xampp\htdocs\src\git\nongmu\Runtime\Cache\Home\215dc33e9730bbff130cefc52a5edf6a.php 第 187 行.
INFO: Run Behavior\ParseTemplateBehavior [ RunTime:0.010332s ]
INFO: [ view_parse ] --END-- [ RunTime:0.010376s ]
INFO: [ view_filter ] --START--
INFO: Run Behavior\WriteHtmlCacheBehavior [ RunTime:0.000673s ]
INFO: [ view_filter ] --END-- [ RunTime:0.000703s ]
INFO: [ app_end ] --START--
INFO: Run Behavior\ShowPageTraceBehavior [ RunTime:0.000797s ]
INFO: [ app_end ] --END-- [ RunTime:0.000830s ]

[ 2016-12-24T17:38:48+08:00 ] 192.168.4.195 /Home/Guser/index/uid/2.html
INFO: [ app_init ] --START--
INFO: Run Behavior\BuildLiteBehavior [ RunTime:0.000008s ]
INFO: [ app_init ] --END-- [ RunTime:0.000324s ]
INFO: [ app_begin ] --START--
INFO: Run Behavior\ReadHtmlCacheBehavior [ RunTime:0.000671s ]
INFO: [ app_begin ] --END-- [ RunTime:0.000727s ]
SQL: SHOW COLUMNS FROM `user` [ RunTime:0.0033s ]
SQL: SELECT * FROM `user` INNER JOIN guser on guser.uid=user.id  WHERE user.id = '2' AND `role` = 1 LIMIT 1   [ RunTime:0.0006s ]
SQL: SHOW COLUMNS FROM `zan` [ RunTime:0.0032s ]
SQL: SELECT COUNT(*) AS tp_count FROM `zan` WHERE ( buid=2 ) LIMIT 1   [ RunTime:0.0005s ]
SQL: SHOW COLUMNS FROM `article` [ RunTime:0.0033s ]
SQL: SELECT COUNT(*) AS tp_count FROM `article` WHERE ( uid=2 ) LIMIT 1   [ RunTime:0.0003s ]
SQL: SELECT `id`,`title`,`content`,`pubtime`,`uid` FROM `article` WHERE ( uid=2 ) ORDER BY pubtime desc LIMIT 0,6   [ RunTime:0.0004s ]
SQL: SELECT `id`,`title`,`content`,`pubtime`,`uid` FROM `article` WHERE ( uid=2 ) ORDER BY pubtime desc  [ RunTime:0.0003s ]
SQL: SHOW COLUMNS FROM `pic` [ RunTime:0.0026s ]
SQL: SELECT * FROM `pic` WHERE ( uid=2 ) LIMIT 12   [ RunTime:0.0002s ]
SQL: SELECT COUNT(*) AS tp_count FROM `pic` WHERE ( uid=2 ) LIMIT 1   [ RunTime:0.0003s ]
INFO: [ view_parse ] --START--
INFO: [ template_filter ] --START--
INFO: Run Behavior\ContentReplaceBehavior [ RunTime:0.000097s ]
INFO: [ template_filter ] --END-- [ RunTime:0.000158s ]
NOTIC: [8] Undefined index: username F:\Bool\Tools\xampp\htdocs\src\git\nongmu\Runtime\Cache\Home\215dc33e9730bbff130cefc52a5edf6a.php 第 69 行.
NOTIC: [8] Undefined index: user F:\Bool\Tools\xampp\htdocs\src\git\nongmu\Runtime\Cache\Home\215dc33e9730bbff130cefc52a5edf6a.php 第 187 行.
INFO: Run Behavior\ParseTemplateBehavior [ RunTime:0.009343s ]
INFO: [ view_parse ] --END-- [ RunTime:0.009395s ]
INFO: [ view_filter ] --START--
INFO: Run Behavior\WriteHtmlCacheBehavior [ RunTime:0.000324s ]
INFO: [ view_filter ] --END-- [ RunTime:0.000349s ]
INFO: [ app_end ] --START--
INFO: Run Behavior\ShowPageTraceBehavior [ RunTime:0.000500s ]
INFO: [ app_end ] --END-- [ RunTime:0.000530s ]

[ 2016-12-24T17:39:00+08:00 ] 127.0.0.1 /
INFO: [ app_init ] --START--
INFO: Run Behavior\BuildLiteBehavior [ RunTime:0.000018s ]
INFO: [ app_init ] --END-- [ RunTime:0.000659s ]
INFO: [ app_begin ] --START--
INFO: Run Behavior\ReadHtmlCacheBehavior [ RunTime:0.000691s ]
INFO: [ app_begin ] --END-- [ RunTime:0.000738s ]
SQL: SHOW COLUMNS FROM `guser` [ RunTime:0.0075s ]
SQL: SELECT user.lastime,user.icon,user.username,guser.* FROM `guser` INNER JOIN user on user.id=guser.uid   [ RunTime:0.0005s ]
SQL: SHOW COLUMNS FROM `zan` [ RunTime:0.0068s ]
SQL: SELECT COUNT(*) AS tp_count FROM `zan` WHERE ( buid=1 ) LIMIT 1   [ RunTime:0.0007s ]
SQL: SHOW COLUMNS FROM `article` [ RunTime:0.0087s ]
SQL: SELECT COUNT(*) AS tp_count FROM `article` WHERE ( uid=1 ) LIMIT 1   [ RunTime:0.0003s ]
SQL: SELECT `id`,`title`,`content`,`pubtime`,`uid` FROM `article` WHERE ( uid=1 ) ORDER BY pubtime desc  [ RunTime:0.0005s ]
SQL: SELECT COUNT(*) AS tp_count FROM `zan` WHERE ( buid=2 ) LIMIT 1   [ RunTime:0.0004s ]
SQL: SELECT COUNT(*) AS tp_count FROM `article` WHERE ( uid=2 ) LIMIT 1   [ RunTime:0.0002s ]
SQL: SELECT `id`,`title`,`content`,`pubtime`,`uid` FROM `article` WHERE ( uid=2 ) ORDER BY pubtime desc  [ RunTime:0.0003s ]
SQL: SELECT COUNT(*) AS tp_count FROM `zan` WHERE ( buid=5 ) LIMIT 1   [ RunTime:0.0003s ]
SQL: SELECT COUNT(*) AS tp_count FROM `article` WHERE ( uid=5 ) LIMIT 1   [ RunTime:0.0003s ]
SQL: SELECT `id`,`title`,`content`,`pubtime`,`uid` FROM `article` WHERE ( uid=5 ) ORDER BY pubtime desc  [ RunTime:0.0007s ]
SQL: SELECT COUNT(*) AS tp_count FROM `zan` WHERE ( buid=4 ) LIMIT 1   [ RunTime:0.0005s ]
SQL: SELECT COUNT(*) AS tp_count FROM `article` WHERE ( uid=4 ) LIMIT 1   [ RunTime:0.0002s ]
SQL: SELECT `id`,`title`,`content`,`pubtime`,`uid` FROM `article` WHERE ( uid=4 ) ORDER BY pubtime desc  [ RunTime:0.0002s ]
SQL: SELECT COUNT(*) AS tp_count FROM `zan` WHERE ( buid=6 ) LIMIT 1   [ RunTime:0.0001s ]
SQL: SELECT COUNT(*) AS tp_count FROM `article` WHERE ( uid=6 ) LIMIT 1   [ RunTime:0.0001s ]
SQL: SELECT `id`,`title`,`content`,`pubtime`,`uid` FROM `article` WHERE ( uid=6 ) ORDER BY pubtime desc  [ RunTime:0.0006s ]
INFO: [ view_parse ] --START--
INFO: [ template_filter ] --START--
INFO: Run Behavior\ContentReplaceBehavior [ RunTime:0.000131s ]
INFO: [ template_filter ] --END-- [ RunTime:0.000185s ]
NOTIC: [8] Undefined index: username F:\Bool\Tools\xampp\htdocs\src\git\master\Runtime\Cache\Home\2f412aae274b751dca883838bf7e7502.php 第 64 行.
INFO: Run Behavior\ParseTemplateBehavior [ RunTime:0.012726s ]
INFO: [ view_parse ] --END-- [ RunTime:0.012768s ]
INFO: [ view_filter ] --START--
INFO: Run Behavior\WriteHtmlCacheBehavior [ RunTime:0.000503s ]
INFO: [ view_filter ] --END-- [ RunTime:0.000534s ]
INFO: [ app_end ] --START--
INFO: Run Behavior\ShowPageTraceBehavior [ RunTime:0.000684s ]
INFO: [ app_end ] --END-- [ RunTime:0.000727s ]

