[ 2016-12-24T16:24:33+08:00 ] 192.168.4.126 /Public/umeditor1_2_2-utf8-php/third-party/jquery-1.10.2.min.map
INFO: [ app_init ] --START--
INFO: Run Behavior\BuildLiteBehavior [ RunTime:0.000012s ]
INFO: [ app_init ] --END-- [ RunTime:0.000313s ]
INFO: [ app_begin ] --START--
INFO: Run Behavior\ReadHtmlCacheBehavior [ RunTime:0.000700s ]
INFO: [ app_begin ] --END-- [ RunTime:0.000755s ]
ERR: 无法加载控制器:Umeditor1_2_2-utf8-php

[ 2016-12-24T16:27:02+08:00 ] 192.168.4.126 /Public/umeditor1_2_2-utf8-php/third-party/jquery-1.10.2.min.map
INFO: [ app_init ] --START--
INFO: Run Behavior\BuildLiteBehavior [ RunTime:0.000013s ]
INFO: [ app_init ] --END-- [ RunTime:0.000367s ]
INFO: [ app_begin ] --START--
INFO: Run Behavior\ReadHtmlCacheBehavior [ RunTime:0.000472s ]
INFO: [ app_begin ] --END-- [ RunTime:0.000522s ]
ERR: 无法加载控制器:Umeditor1_2_2-utf8-php

[ 2016-12-24T16:30:36+08:00 ] 192.168.4.126 /Public/umeditor1_2_2-utf8-php/third-party/jquery-1.10.2.min.map
INFO: [ app_init ] --START--
INFO: Run Behavior\BuildLiteBehavior [ RunTime:0.000016s ]
INFO: [ app_init ] --END-- [ RunTime:0.000555s ]
INFO: [ app_begin ] --START--
INFO: Run Behavior\ReadHtmlCacheBehavior [ RunTime:0.001050s ]
INFO: [ app_begin ] --END-- [ RunTime:0.001113s ]
ERR: 无法加载控制器:Umeditor1_2_2-utf8-php

[ 2016-12-24T16:31:27+08:00 ] 192.168.4.126 /Public/umeditor1_2_2-utf8-php/third-party/jquery-1.10.2.min.map
INFO: [ app_init ] --START--
INFO: Run Behavior\BuildLiteBehavior [ RunTime:0.000030s ]
INFO: [ app_init ] --END-- [ RunTime:0.001052s ]
INFO: [ app_begin ] --START--
INFO: Run Behavior\ReadHtmlCacheBehavior [ RunTime:0.002451s ]
INFO: [ app_begin ] --END-- [ RunTime:0.002578s ]
ERR: 无法加载控制器:Umeditor1_2_2-utf8-php

